TN:
SF:src\__tests__\test-utils.tsx
FN:7,renderWithProviders
FNF:1
FNH:1
FNDA:1,renderWithProviders
DA:8,1
LF:1
LH:1
BRF:0
BRH:0
end_of_record
TN:
SF:src\api\axiosInstance.ts
FN:9,(anonymous_0)
FN:18,(anonymous_1)
FNF:2
FNH:1
FNDA:2,(anonymous_0)
FNDA:0,(anonymous_1)
DA:3,6
DA:8,6
DA:10,2
DA:12,2
DA:13,1
DA:16,2
DA:18,0
LF:7
LH:6
BRDA:12,0,0,1
BRDA:12,0,1,1
BRF:2
BRH:2
end_of_record
TN:
SF:src\api\dealApi.ts
FN:4,(anonymous_0)
FN:10,(anonymous_1)
FN:16,(anonymous_2)
FN:22,(anonymous_3)
FN:28,(anonymous_4)
FN:36,(anonymous_5)
FN:44,(anonymous_6)
FN:52,(anonymous_7)
FNF:8
FNH:8
FNDA:1,(anonymous_0)
FNDA:1,(anonymous_1)
FNDA:1,(anonymous_2)
FNDA:1,(anonymous_3)
FNDA:1,(anonymous_4)
FNDA:1,(anonymous_5)
FNDA:1,(anonymous_6)
FNDA:1,(anonymous_7)
DA:4,2
DA:5,1
DA:6,1
DA:10,2
DA:11,1
DA:12,1
DA:16,2
DA:17,1
DA:18,1
DA:22,2
DA:23,1
DA:24,1
DA:28,2
DA:29,1
DA:32,1
DA:36,2
DA:37,1
DA:40,1
DA:44,2
DA:45,1
DA:48,1
DA:52,2
DA:53,1
DA:54,1
LF:24
LH:24
BRF:0
BRH:0
end_of_record
TN:
SF:src\app\hooks.ts
FN:5,(anonymous_0)
FNF:1
FNH:1
FNDA:10,(anonymous_0)
DA:5,10
DA:6,5
LF:2
LH:2
BRF:0
BRH:0
end_of_record
TN:
SF:src\app\store.ts
FNF:0
FNH:0
DA:4,1
LF:1
LH:1
BRF:0
BRH:0
end_of_record
TN:
SF:src\features\auth\Login.tsx
FN:27,Login
FN:32,(anonymous_1)
FN:47,(anonymous_2)
FN:53,(anonymous_3)
FN:100,(anonymous_4)
FNF:5
FNH:4
FNDA:10,Login
FNDA:16,(anonymous_1)
FNDA:1,(anonymous_2)
FNDA:10,(anonymous_3)
FNDA:0,(anonymous_4)
DA:20,1
DA:28,10
DA:29,10
DA:31,10
DA:32,16
DA:36,10
DA:37,10
DA:43,10
DA:47,10
DA:48,1
DA:49,1
DA:53,10
DA:54,10
DA:55,1
DA:57,1
DA:58,1
DA:63,1
DA:67,0
DA:71,10
DA:100,0
LF:20
LH:18
BRDA:54,0,0,1
BRDA:54,0,1,9
BRDA:54,1,0,10
BRDA:54,1,1,1
BRDA:55,2,0,1
BRDA:55,2,1,0
BRDA:59,3,0,0
BRDA:59,3,1,1
BRDA:92,4,0,0
BRDA:92,4,1,10
BRDA:100,5,0,0
BRDA:100,5,1,0
BRDA:105,6,0,10
BRDA:105,6,1,10
BRDA:105,6,2,1
BRDA:109,7,0,1
BRDA:109,7,1,0
BRDA:140,8,0,1
BRDA:140,8,1,9
BRF:19
BRH:13
end_of_record
TN:
SF:src\features\auth\authSlice.ts
FN:24,(anonymous_0)
FN:41,(anonymous_1)
FN:53,(anonymous_2)
FN:55,(anonymous_3)
FN:59,(anonymous_4)
FN:72,(anonymous_5)
FNF:6
FNH:6
FNDA:1,(anonymous_0)
FNDA:2,(anonymous_1)
FNDA:6,(anonymous_2)
FNDA:2,(anonymous_3)
FNDA:2,(anonymous_4)
FNDA:1,(anonymous_5)
DA:13,6
DA:22,6
DA:28,1
DA:29,1
DA:30,0
DA:32,0
DA:37,6
DA:42,2
DA:43,2
DA:44,2
DA:45,2
DA:47,2
DA:48,2
DA:49,2
DA:50,2
DA:54,6
DA:56,2
DA:57,2
DA:60,2
DA:62,2
DA:63,2
DA:64,2
DA:65,2
DA:67,2
DA:68,2
DA:69,2
DA:70,2
DA:73,1
DA:74,1
DA:79,6
LF:30
LH:28
BRF:0
BRH:0
end_of_record
TN:
SF:src\features\deals\DealDetails.tsx
FN:19,DealDetails
FN:23,(anonymous_1)
FN:25,(anonymous_2)
FN:37,(anonymous_3)
FN:119,(anonymous_4)
FNF:5
FNH:5
FNDA:4,DealDetails
FNDA:6,(anonymous_1)
FNDA:2,(anonymous_2)
FNDA:2,(anonymous_3)
FNDA:2,(anonymous_4)
DA:20,4
DA:21,4
DA:23,6
DA:25,4
DA:26,2
DA:27,2
DA:28,2
DA:29,2
DA:31,0
DA:33,2
DA:37,4
DA:38,2
DA:42,4
DA:43,2
DA:50,2
DA:51,0
DA:58,2
DA:120,2
LF:18
LH:16
BRDA:19,0,0,4
BRDA:42,1,0,2
BRDA:42,1,1,2
BRDA:50,2,0,0
BRDA:50,2,1,2
BRDA:61,3,0,2
BRDA:61,3,1,2
BRDA:86,4,0,2
BRDA:86,4,1,0
BRDA:91,5,0,2
BRDA:91,5,1,1
BRDA:112,6,0,4
BRDA:112,6,1,0
BRF:13
BRH:10
end_of_record
TN:
SF:src\features\deals\DealForm.tsx
FN:32,DealForm
FN:33,(anonymous_1)
FN:63,(anonymous_2)
FN:77,(anonymous_3)
FNF:4
FNH:4
FNDA:13,DealForm
FNDA:18,(anonymous_1)
FNDA:5,(anonymous_2)
FNDA:3,(anonymous_3)
DA:20,3
DA:33,18
DA:37,13
DA:51,13
DA:63,13
DA:64,5
DA:65,2
DA:66,2
DA:67,2
DA:68,2
DA:70,2
DA:71,1
DA:77,13
DA:78,3
DA:79,3
DA:81,1
DA:89,1
DA:90,1
DA:94,2
DA:105,2
DA:107,1
DA:111,13
LF:22
LH:22
BRDA:37,0,0,3
BRDA:37,0,1,10
BRDA:58,1,0,13
BRDA:58,1,1,3
BRDA:64,2,0,2
BRDA:64,2,1,3
BRDA:70,3,0,1
BRDA:70,3,1,1
BRDA:71,4,0,1
BRDA:71,4,1,0
BRDA:79,5,0,1
BRDA:79,5,1,2
BRDA:89,6,0,1
BRDA:89,6,1,0
BRDA:89,7,0,1
BRDA:89,7,1,1
BRDA:99,8,0,2
BRDA:99,8,1,0
BRDA:114,9,0,5
BRDA:114,9,1,8
BRDA:163,10,0,13
BRDA:163,10,1,3
BRDA:180,11,0,5
BRDA:180,11,1,8
BRF:24
BRH:21
end_of_record
TN:
SF:src\features\deals\DealList.tsx
FN:41,DealList
FN:53,(anonymous_1)
FN:56,(anonymous_2)
FN:68,(anonymous_3)
FN:73,(anonymous_4)
FN:84,(anonymous_5)
FN:91,(anonymous_6)
FN:97,(anonymous_7)
FN:128,(anonymous_8)
FN:157,(anonymous_9)
FN:162,(anonymous_10)
FN:178,(anonymous_11)
FN:182,(anonymous_12)
FN:199,(anonymous_13)
FN:212,(anonymous_14)
FN:222,(anonymous_15)
FN:234,(anonymous_16)
FN:270,(anonymous_17)
FN:286,(anonymous_18)
FNF:19
FNH:16
FNDA:18,DealList
FNDA:23,(anonymous_1)
FNDA:8,(anonymous_2)
FNDA:5,(anonymous_3)
FNDA:1,(anonymous_4)
FNDA:1,(anonymous_5)
FNDA:1,(anonymous_6)
FNDA:1,(anonymous_7)
FNDA:0,(anonymous_8)
FNDA:13,(anonymous_9)
FNDA:0,(anonymous_10)
FNDA:1,(anonymous_11)
FNDA:65,(anonymous_12)
FNDA:1,(anonymous_13)
FNDA:1,(anonymous_14)
FNDA:0,(anonymous_15)
FNDA:1,(anonymous_16)
FNDA:2,(anonymous_17)
FNDA:1,(anonymous_18)
DA:33,1
DA:42,18
DA:43,18
DA:45,18
DA:46,18
DA:47,18
DA:48,18
DA:50,18
DA:51,18
DA:53,23
DA:56,18
DA:57,8
DA:58,8
DA:59,8
DA:60,8
DA:62,0
DA:64,8
DA:68,18
DA:69,5
DA:73,18
DA:74,1
DA:75,1
DA:76,1
DA:77,1
DA:78,1
DA:79,1
DA:80,1
DA:84,18
DA:85,1
DA:86,1
DA:87,1
DA:91,18
DA:92,1
DA:93,1
DA:97,18
DA:98,1
DA:100,1
DA:106,1
DA:111,1
DA:114,1
DA:115,1
DA:118,18
DA:129,0
DA:130,0
DA:158,13
DA:163,0
DA:164,0
DA:179,1
DA:183,65
DA:200,1
DA:201,1
DA:213,1
DA:214,1
DA:223,0
DA:224,0
DA:235,1
DA:236,1
DA:271,2
DA:286,1
LF:59
LH:52
BRDA:85,0,0,0
BRDA:85,0,1,1
BRDA:98,1,0,0
BRDA:98,1,1,1
BRDA:98,2,0,1
BRDA:98,2,1,1
BRDA:108,3,0,1
BRDA:108,3,1,0
BRDA:136,4,0,18
BRDA:136,4,1,5
BRDA:139,5,0,18
BRDA:139,5,1,13
BRDA:148,6,0,13
BRDA:148,6,1,3
BRDA:191,7,0,13
BRDA:191,7,1,3
BRDA:192,8,0,3
BRDA:192,8,1,0
BRDA:230,9,0,13
BRDA:230,9,1,3
BRDA:257,10,0,18
BRDA:257,10,1,6
BRDA:264,11,0,18
BRDA:264,11,1,4
BRF:24
BRH:20
end_of_record
